{"uid":"46f27f47505460d5","name":"Checking test cases page","fullName":"tests.test_api_cases.test_api_cases.TestApiCases#test_cases_no_path","historyId":"0469eb2f6c4da75772bc59bbd9b8837a","time":{"start":1755965721826,"stop":1755965730491,"duration":8665},"status":"failed","statusMessage":"AssertionError: Locator expected to be visible\nActual value: <element(s) not found> \nCall log:\n  - Expect \"to_be_visible\" with timeout 5000ms\n  - waiting for locator(\"//li[normalize-space()=\\\"You can explore more test cases in the website and if you find new test scenario that is not covered in above list, do let us know. We will definitely add that in above list.\\\"]\")","statusTrace":"self = <tests.test_api_cases.test_api_cases.TestApiCases object at 0x7f34354895b0>\napi_cases_page = <pages.api_cases_page.api_cases_page.ApiCasesPage object at 0x7f34352150f0>\nurl = 'https://www.automationexercise.com/test_cases', title_text = 'Test Cases'\ndescription = 'Below is the list of test Cases for you to practice the Automation. Click on the scenario for detailed Test Steps:'\ncollapse = 'Test Case 1: Register User', item = '1. Launch browser'\n\n    @allure.story(AllureStory.TEST_CASES)\n    @allure.title(\"Checking test cases page\")\n    @pytest.mark.parametrize(\"url, title_text, description, collapse, item\", test_data)\n    def test_cases_no_path(self, api_cases_page: ApiCasesPage, url, title_text, description, collapse, item):\n        api_cases_page.visit(url)\n>       api_cases_page.api_cases.check_api_cases(title_text, description, collapse, item)\n\ntests/test_api_cases/test_api_cases.py:39: \n_ _ _ _ _ _ _ _ _ _ _ _ _ _ _ _ _ _ _ _ _ _ _ _ _ _ _ _ _ _ _ _ _ _ _ _ _ _ _ _ \ncomponents/api_cases/api_cases.py:41: in check_api_cases\n    self.text_2.to_be_visible()\n_ _ _ _ _ _ _ _ _ _ _ _ _ _ _ _ _ _ _ _ _ _ _ _ _ _ _ _ _ _ _ _ _ _ _ _ _ _ _ _ \n\nself = <components.elements.text.Text object at 0x7f3434e716d0>\n\n    def to_be_visible(self):\n        step = f\"Checking that {self.type_of} {self.name} is visible\"\n        with allure.step(step):\n            locator = self.get_locator()\n            logger.info(step)\n>           expect(locator).to_be_visible()\nE           AssertionError: Locator expected to be visible\nE           Actual value: <element(s) not found> \nE           Call log:\nE             - Expect \"to_be_visible\" with timeout 5000ms\nE             - waiting for locator(\"//li[normalize-space()=\\\"You can explore more test cases in the website and if you find new test scenario that is not covered in above list, do let us know. We will definitely add that in above list.\\\"]\")\n\ncomponents/elements/base_element.py:30: AssertionError","flaky":false,"newFailed":false,"newBroken":false,"newPassed":false,"retriesCount":0,"retriesStatusChange":false,"beforeStages":[{"name":"_session_faker","time":{"start":1755965696331,"stop":1755965696393,"duration":62},"status":"passed","steps":[],"attachments":[],"parameters":[],"stepsCount":0,"shouldDisplayMessage":false,"attachmentsCount":0,"hasContent":false,"attachmentStep":false},{"name":"delete_output_dir","time":{"start":1755965696393,"stop":1755965696393,"duration":0},"status":"passed","steps":[],"attachments":[],"parameters":[],"stepsCount":0,"shouldDisplayMessage":false,"attachmentsCount":0,"hasContent":false,"attachmentStep":false},{"name":"pytestconfig","time":{"start":1755965696393,"stop":1755965696393,"duration":0},"status":"passed","steps":[],"attachments":[],"parameters":[],"stepsCount":0,"shouldDisplayMessage":false,"attachmentsCount":0,"hasContent":false,"attachmentStep":false},{"name":"base_url","time":{"start":1755965696393,"stop":1755965696394,"duration":1},"status":"passed","steps":[],"attachments":[],"parameters":[],"stepsCount":0,"shouldDisplayMessage":false,"attachmentsCount":0,"hasContent":false,"attachmentStep":false},{"name":"playwright","time":{"start":1755965696394,"stop":1755965696803,"duration":409},"status":"passed","steps":[],"attachments":[],"parameters":[],"stepsCount":0,"shouldDisplayMessage":false,"attachmentsCount":0,"hasContent":false,"attachmentStep":false},{"name":"_verify_url","time":{"start":1755965696394,"stop":1755965696394,"duration":0},"status":"passed","steps":[],"attachments":[],"parameters":[],"stepsCount":0,"shouldDisplayMessage":false,"attachmentsCount":0,"hasContent":false,"attachmentStep":false},{"name":"browser_page","time":{"start":1755965719599,"stop":1755965721824,"duration":2225},"status":"passed","steps":[],"attachments":[],"parameters":[],"stepsCount":0,"shouldDisplayMessage":false,"attachmentsCount":0,"hasContent":false,"attachmentStep":false},{"name":"api_cases_page","time":{"start":1755965721825,"stop":1755965721825,"duration":0},"status":"passed","steps":[],"attachments":[],"parameters":[],"stepsCount":0,"shouldDisplayMessage":false,"attachmentsCount":0,"hasContent":false,"attachmentStep":false}],"testStage":{"status":"failed","statusMessage":"AssertionError: Locator expected to be visible\nActual value: <element(s) not found> \nCall log:\n  - Expect \"to_be_visible\" with timeout 5000ms\n  - waiting for locator(\"//li[normalize-space()=\\\"You can explore more test cases in the website and if you find new test scenario that is not covered in above list, do let us know. We will definitely add that in above list.\\\"]\")","statusTrace":"self = <tests.test_api_cases.test_api_cases.TestApiCases object at 0x7f34354895b0>\napi_cases_page = <pages.api_cases_page.api_cases_page.ApiCasesPage object at 0x7f34352150f0>\nurl = 'https://www.automationexercise.com/test_cases', title_text = 'Test Cases'\ndescription = 'Below is the list of test Cases for you to practice the Automation. Click on the scenario for detailed Test Steps:'\ncollapse = 'Test Case 1: Register User', item = '1. Launch browser'\n\n    @allure.story(AllureStory.TEST_CASES)\n    @allure.title(\"Checking test cases page\")\n    @pytest.mark.parametrize(\"url, title_text, description, collapse, item\", test_data)\n    def test_cases_no_path(self, api_cases_page: ApiCasesPage, url, title_text, description, collapse, item):\n        api_cases_page.visit(url)\n>       api_cases_page.api_cases.check_api_cases(title_text, description, collapse, item)\n\ntests/test_api_cases/test_api_cases.py:39: \n_ _ _ _ _ _ _ _ _ _ _ _ _ _ _ _ _ _ _ _ _ _ _ _ _ _ _ _ _ _ _ _ _ _ _ _ _ _ _ _ \ncomponents/api_cases/api_cases.py:41: in check_api_cases\n    self.text_2.to_be_visible()\n_ _ _ _ _ _ _ _ _ _ _ _ _ _ _ _ _ _ _ _ _ _ _ _ _ _ _ _ _ _ _ _ _ _ _ _ _ _ _ _ \n\nself = <components.elements.text.Text object at 0x7f3434e716d0>\n\n    def to_be_visible(self):\n        step = f\"Checking that {self.type_of} {self.name} is visible\"\n        with allure.step(step):\n            locator = self.get_locator()\n            logger.info(step)\n>           expect(locator).to_be_visible()\nE           AssertionError: Locator expected to be visible\nE           Actual value: <element(s) not found> \nE           Call log:\nE             - Expect \"to_be_visible\" with timeout 5000ms\nE             - waiting for locator(\"//li[normalize-space()=\\\"You can explore more test cases in the website and if you find new test scenario that is not covered in above list, do let us know. We will definitely add that in above list.\\\"]\")\n\ncomponents/elements/base_element.py:30: AssertionError","steps":[{"name":"Opening the url: https://www.automationexercise.com/test_cases","time":{"start":1755965721826,"stop":1755965723260,"duration":1434},"status":"passed","steps":[],"attachments":[],"parameters":[],"stepsCount":0,"shouldDisplayMessage":false,"attachmentsCount":0,"hasContent":false,"attachmentStep":false},{"name":"Checking api and test cases page functionality","time":{"start":1755965723260,"stop":1755965730489,"duration":7229},"status":"failed","statusMessage":"AssertionError: Locator expected to be visible\nActual value: <element(s) not found> \nCall log:\n  - Expect \"to_be_visible\" with timeout 5000ms\n  - waiting for locator(\"//li[normalize-space()=\\\"You can explore more test cases in the website and if you find new test scenario that is not covered in above list, do let us know. We will definitely add that in above list.\\\"]\")\n\n","statusTrace":"  File \"/opt/hostedtoolcache/Python/3.13.7/x64/lib/python3.13/site-packages/allure_commons/_allure.py\", line 202, in impl\n    return func(*a, **kw)\n  File \"/home/runner/work/ui_automationexercise/ui_automationexercise/components/api_cases/api_cases.py\", line 41, in check_api_cases\n    self.text_2.to_be_visible()\n    ~~~~~~~~~~~~~~~~~~~~~~~~~^^\n  File \"/home/runner/work/ui_automationexercise/ui_automationexercise/components/elements/base_element.py\", line 30, in to_be_visible\n    expect(locator).to_be_visible()\n    ~~~~~~~~~~~~~~~~~~~~~~~~~~~~~^^\n  File \"/opt/hostedtoolcache/Python/3.13.7/x64/lib/python3.13/site-packages/playwright/sync_api/_generated.py\", line 20401, in to_be_visible\n    self._sync(self._impl_obj.to_be_visible(visible=visible, timeout=timeout))\n    ~~~~~~~~~~^^^^^^^^^^^^^^^^^^^^^^^^^^^^^^^^^^^^^^^^^^^^^^^^^^^^^^^^^^^^^^^^\n  File \"/opt/hostedtoolcache/Python/3.13.7/x64/lib/python3.13/site-packages/playwright/_impl/_sync_base.py\", line 115, in _sync\n    return task.result()\n           ~~~~~~~~~~~^^\n  File \"/opt/hostedtoolcache/Python/3.13.7/x64/lib/python3.13/site-packages/playwright/_impl/_assertions.py\", line 763, in to_be_visible\n    await self._expect_impl(\n    ...<5 lines>...\n    )\n  File \"/opt/hostedtoolcache/Python/3.13.7/x64/lib/python3.13/site-packages/playwright/_impl/_assertions.py\", line 83, in _expect_impl\n    raise AssertionError(\n        f\"{out_message}\\nActual value: {actual} {format_call_log(result.get('log'))}\"\n    )\n","steps":[{"name":"Checking that text main title is visible","time":{"start":1755965723260,"stop":1755965723660,"duration":400},"status":"passed","steps":[{"name":"Getting locator with //*[@id=\"form\"]//h2/b","time":{"start":1755965723260,"stop":1755965723261,"duration":1},"status":"passed","steps":[],"attachments":[],"parameters":[],"stepsCount":0,"shouldDisplayMessage":false,"attachmentsCount":0,"hasContent":false,"attachmentStep":false}],"attachments":[],"parameters":[],"stepsCount":1,"shouldDisplayMessage":false,"attachmentsCount":0,"hasContent":true,"attachmentStep":false},{"name":"Checking that text main title has text Test Cases","time":{"start":1755965723660,"stop":1755965723759,"duration":99},"status":"passed","steps":[{"name":"Getting locator with //*[@id=\"form\"]//h2/b","time":{"start":1755965723660,"stop":1755965723660,"duration":0},"status":"passed","steps":[],"attachments":[],"parameters":[],"stepsCount":0,"shouldDisplayMessage":false,"attachmentsCount":0,"hasContent":false,"attachmentStep":false}],"attachments":[],"parameters":[],"stepsCount":1,"shouldDisplayMessage":false,"attachmentsCount":0,"hasContent":true,"attachmentStep":false},{"name":"Checking that text description is visible","time":{"start":1755965723759,"stop":1755965723835,"duration":76},"status":"passed","steps":[{"name":"Getting locator with //*[@id=\"form\"]//h5/span","time":{"start":1755965723759,"stop":1755965723760,"duration":1},"status":"passed","steps":[],"attachments":[],"parameters":[],"stepsCount":0,"shouldDisplayMessage":false,"attachmentsCount":0,"hasContent":false,"attachmentStep":false}],"attachments":[],"parameters":[],"stepsCount":1,"shouldDisplayMessage":false,"attachmentsCount":0,"hasContent":true,"attachmentStep":false},{"name":"Checking that text description has text Below is the list of test Cases for you to practice the Automation. Click on the scenario for detailed Test Steps:","time":{"start":1755965723835,"stop":1755965723897,"duration":62},"status":"passed","steps":[{"name":"Getting locator with //*[@id=\"form\"]//h5/span","time":{"start":1755965723835,"stop":1755965723835,"duration":0},"status":"passed","steps":[],"attachments":[],"parameters":[],"stepsCount":0,"shouldDisplayMessage":false,"attachmentsCount":0,"hasContent":false,"attachmentStep":false}],"attachments":[],"parameters":[],"stepsCount":1,"shouldDisplayMessage":false,"attachmentsCount":0,"hasContent":true,"attachmentStep":false},{"name":"Checking that link collapse 1 is visible","time":{"start":1755965723897,"stop":1755965723957,"duration":60},"status":"passed","steps":[{"name":"Getting locator with //*[@id=\"form\"]//a[@href=\"#collapse1\"]","time":{"start":1755965723897,"stop":1755965723898,"duration":1},"status":"passed","steps":[],"attachments":[],"parameters":[],"stepsCount":0,"shouldDisplayMessage":false,"attachmentsCount":0,"hasContent":false,"attachmentStep":false}],"attachments":[],"parameters":[],"stepsCount":1,"shouldDisplayMessage":false,"attachmentsCount":0,"hasContent":true,"attachmentStep":false},{"name":"Checking that link collapse 1 has attributehref #collapse1","time":{"start":1755965723957,"stop":1755965724004,"duration":47},"status":"passed","steps":[{"name":"Getting locator with //*[@id=\"form\"]//a[@href=\"#collapse1\"]","time":{"start":1755965723957,"stop":1755965723957,"duration":0},"status":"passed","steps":[],"attachments":[],"parameters":[],"stepsCount":0,"shouldDisplayMessage":false,"attachmentsCount":0,"hasContent":false,"attachmentStep":false}],"attachments":[],"parameters":[],"stepsCount":1,"shouldDisplayMessage":false,"attachmentsCount":0,"hasContent":true,"attachmentStep":false},{"name":"Checking that link collapse 1 has text Test Case 1: Register User","time":{"start":1755965724004,"stop":1755965724047,"duration":43},"status":"passed","steps":[{"name":"Getting locator with //*[@id=\"form\"]//a[@href=\"#collapse1\"]","time":{"start":1755965724004,"stop":1755965724004,"duration":0},"status":"passed","steps":[],"attachments":[],"parameters":[],"stepsCount":0,"shouldDisplayMessage":false,"attachmentsCount":0,"hasContent":false,"attachmentStep":false}],"attachments":[],"parameters":[],"stepsCount":1,"shouldDisplayMessage":false,"attachmentsCount":0,"hasContent":true,"attachmentStep":false},{"name":"Clicking link collapse 1","time":{"start":1755965724047,"stop":1755965724690,"duration":643},"status":"passed","steps":[{"name":"Getting locator with //*[@id=\"form\"]//a[@href=\"#collapse1\"]","time":{"start":1755965724047,"stop":1755965724047,"duration":0},"status":"passed","steps":[],"attachments":[],"parameters":[],"stepsCount":0,"shouldDisplayMessage":false,"attachmentsCount":0,"hasContent":false,"attachmentStep":false}],"attachments":[],"parameters":[],"stepsCount":1,"shouldDisplayMessage":false,"attachmentsCount":0,"hasContent":true,"attachmentStep":false},{"name":"Checking that text list-group-item is visible","time":{"start":1755965724690,"stop":1755965724806,"duration":116},"status":"passed","steps":[{"name":"Getting locator with //*[@id=\"collapse1\"]/ul/li[1]","time":{"start":1755965724690,"stop":1755965724691,"duration":1},"status":"passed","steps":[],"attachments":[],"parameters":[],"stepsCount":0,"shouldDisplayMessage":false,"attachmentsCount":0,"hasContent":false,"attachmentStep":false}],"attachments":[],"parameters":[],"stepsCount":1,"shouldDisplayMessage":false,"attachmentsCount":0,"hasContent":true,"attachmentStep":false},{"name":"Checking that text list-group-item has text 1. Launch browser","time":{"start":1755965724806,"stop":1755965724922,"duration":116},"status":"passed","steps":[{"name":"Getting locator with //*[@id=\"collapse1\"]/ul/li[1]","time":{"start":1755965724806,"stop":1755965724806,"duration":0},"status":"passed","steps":[],"attachments":[],"parameters":[],"stepsCount":0,"shouldDisplayMessage":false,"attachmentsCount":0,"hasContent":false,"attachmentStep":false}],"attachments":[],"parameters":[],"stepsCount":1,"shouldDisplayMessage":false,"attachmentsCount":0,"hasContent":true,"attachmentStep":false},{"name":"Checking that link Feedback for Us is visible","time":{"start":1755965724922,"stop":1755965725002,"duration":80},"status":"passed","steps":[{"name":"Getting locator with //a[normalize-space()=\"Feedback for Us\"]","time":{"start":1755965724922,"stop":1755965724922,"duration":0},"status":"passed","steps":[],"attachments":[],"parameters":[],"stepsCount":0,"shouldDisplayMessage":false,"attachmentsCount":0,"hasContent":false,"attachmentStep":false}],"attachments":[],"parameters":[],"stepsCount":1,"shouldDisplayMessage":false,"attachmentsCount":0,"hasContent":true,"attachmentStep":false},{"name":"Checking that link Feedback for Us has attributehref #feedback","time":{"start":1755965725002,"stop":1755965725075,"duration":73},"status":"passed","steps":[{"name":"Getting locator with //a[normalize-space()=\"Feedback for Us\"]","time":{"start":1755965725002,"stop":1755965725003,"duration":1},"status":"passed","steps":[],"attachments":[],"parameters":[],"stepsCount":0,"shouldDisplayMessage":false,"attachmentsCount":0,"hasContent":false,"attachmentStep":false}],"attachments":[],"parameters":[],"stepsCount":1,"shouldDisplayMessage":false,"attachmentsCount":0,"hasContent":true,"attachmentStep":false},{"name":"Checking that link Feedback for Us has text Feedback for Us","time":{"start":1755965725075,"stop":1755965725177,"duration":102},"status":"passed","steps":[{"name":"Getting locator with //a[normalize-space()=\"Feedback for Us\"]","time":{"start":1755965725075,"stop":1755965725076,"duration":1},"status":"passed","steps":[],"attachments":[],"parameters":[],"stepsCount":0,"shouldDisplayMessage":false,"attachmentsCount":0,"hasContent":false,"attachmentStep":false}],"attachments":[],"parameters":[],"stepsCount":1,"shouldDisplayMessage":false,"attachmentsCount":0,"hasContent":true,"attachmentStep":false},{"name":"Checking that text We have identified... is visible","time":{"start":1755965725177,"stop":1755965725295,"duration":118},"status":"passed","steps":[{"name":"Getting locator with //li[normalize-space()=\"We have identified above scenarios and added in the list.\"]","time":{"start":1755965725177,"stop":1755965725177,"duration":0},"status":"passed","steps":[],"attachments":[],"parameters":[],"stepsCount":0,"shouldDisplayMessage":false,"attachmentsCount":0,"hasContent":false,"attachmentStep":false}],"attachments":[],"parameters":[],"stepsCount":1,"shouldDisplayMessage":false,"attachmentsCount":0,"hasContent":true,"attachmentStep":false},{"name":"Checking that text We have identified... has text We have identified above scenarios and added in the list.","time":{"start":1755965725295,"stop":1755965725390,"duration":95},"status":"passed","steps":[{"name":"Getting locator with //li[normalize-space()=\"We have identified above scenarios and added in the list.\"]","time":{"start":1755965725295,"stop":1755965725296,"duration":1},"status":"passed","steps":[],"attachments":[],"parameters":[],"stepsCount":0,"shouldDisplayMessage":false,"attachmentsCount":0,"hasContent":false,"attachmentStep":false}],"attachments":[],"parameters":[],"stepsCount":1,"shouldDisplayMessage":false,"attachmentsCount":0,"hasContent":true,"attachmentStep":false},{"name":"Checking that text You can explore... is visible","time":{"start":1755965725390,"stop":1755965730487,"duration":5097},"status":"failed","statusMessage":"AssertionError: Locator expected to be visible\nActual value: <element(s) not found> \nCall log:\n  - Expect \"to_be_visible\" with timeout 5000ms\n  - waiting for locator(\"//li[normalize-space()=\\\"You can explore more test cases in the website and if you find new test scenario that is not covered in above list, do let us know. We will definitely add that in above list.\\\"]\")\n\n","statusTrace":"  File \"/home/runner/work/ui_automationexercise/ui_automationexercise/components/elements/base_element.py\", line 30, in to_be_visible\n    expect(locator).to_be_visible()\n    ~~~~~~~~~~~~~~~~~~~~~~~~~~~~~^^\n  File \"/opt/hostedtoolcache/Python/3.13.7/x64/lib/python3.13/site-packages/playwright/sync_api/_generated.py\", line 20401, in to_be_visible\n    self._sync(self._impl_obj.to_be_visible(visible=visible, timeout=timeout))\n    ~~~~~~~~~~^^^^^^^^^^^^^^^^^^^^^^^^^^^^^^^^^^^^^^^^^^^^^^^^^^^^^^^^^^^^^^^^\n  File \"/opt/hostedtoolcache/Python/3.13.7/x64/lib/python3.13/site-packages/playwright/_impl/_sync_base.py\", line 115, in _sync\n    return task.result()\n           ~~~~~~~~~~~^^\n  File \"/opt/hostedtoolcache/Python/3.13.7/x64/lib/python3.13/site-packages/playwright/_impl/_assertions.py\", line 763, in to_be_visible\n    await self._expect_impl(\n    ...<5 lines>...\n    )\n  File \"/opt/hostedtoolcache/Python/3.13.7/x64/lib/python3.13/site-packages/playwright/_impl/_assertions.py\", line 83, in _expect_impl\n    raise AssertionError(\n        f\"{out_message}\\nActual value: {actual} {format_call_log(result.get('log'))}\"\n    )\n","steps":[{"name":"Getting locator with //li[normalize-space()=\"You can explore more test cases in the website and if you find new test scenario that is not covered in above list, do let us know. We will definitely add that in above list.\"]","time":{"start":1755965725390,"stop":1755965725390,"duration":0},"status":"passed","steps":[],"attachments":[],"parameters":[],"stepsCount":0,"shouldDisplayMessage":false,"attachmentsCount":0,"hasContent":false,"attachmentStep":false}],"attachments":[],"parameters":[],"stepsCount":1,"shouldDisplayMessage":true,"attachmentsCount":0,"hasContent":true,"attachmentStep":false}],"attachments":[],"parameters":[{"name":"title_text","value":"'Test Cases'"},{"name":"description","value":"'Below is the list of test Cases for you to practice the Automation. Click on the scenario for detailed Test Steps:'"},{"name":"collapse","value":"'Test Case 1: Register User'"},{"name":"item","value":"'1. Launch browser'"}],"stepsCount":32,"shouldDisplayMessage":false,"attachmentsCount":0,"hasContent":true,"attachmentStep":false}],"attachments":[{"uid":"98aa10042a221edf","name":"log","source":"98aa10042a221edf.txt","type":"text/plain","size":3414}],"parameters":[],"stepsCount":34,"shouldDisplayMessage":true,"attachmentsCount":1,"hasContent":true,"attachmentStep":false},"afterStages":[{"name":"browser_page::0","time":{"start":1755965730504,"stop":1755965731947,"duration":1443},"status":"passed","steps":[],"attachments":[{"uid":"8cfc7802e19dd54f","name":"trace","source":"8cfc7802e19dd54f.zip","type":"application/zip","size":2920590},{"uid":"d5c6b7fc6d7e5982","name":"video","source":"d5c6b7fc6d7e5982.webm","type":"video/webm","size":280313}],"parameters":[],"stepsCount":0,"shouldDisplayMessage":false,"attachmentsCount":2,"hasContent":true,"attachmentStep":false},{"name":"playwright::0","time":{"start":1755966241497,"stop":1755966241511,"duration":14},"status":"passed","steps":[],"attachments":[],"parameters":[],"stepsCount":0,"shouldDisplayMessage":false,"attachmentsCount":0,"hasContent":false,"attachmentStep":false}],"labels":[{"name":"epic","value":"UI"},{"name":"severity","value":"trivial"},{"name":"story","value":"Test cases"},{"name":"feature","value":"API cases"},{"name":"tag","value":"api_cases"},{"name":"tag","value":"smoke"},{"name":"tag","value":"no_path"},{"name":"parentSuite","value":"tests.test_api_cases"},{"name":"suite","value":"test_api_cases"},{"name":"subSuite","value":"TestApiCases"},{"name":"host","value":"pkrvmqc4gcfdwos"},{"name":"thread","value":"6236-MainThread"},{"name":"framework","value":"pytest"},{"name":"language","value":"cpython3"},{"name":"package","value":"tests.test_api_cases.test_api_cases"},{"name":"resultFormat","value":"allure2"}],"parameters":[{"name":"browser_page","value":"'firefox'"},{"name":"collapse","value":"'Test Case 1: Register User'"},{"name":"description","value":"'Below is the list of test Cases for you to practice the Automation. Click on the scenario for detailed Test Steps:'"},{"name":"item","value":"'1. Launch browser'"},{"name":"title_text","value":"'Test Cases'"},{"name":"url","value":"'https://www.automationexercise.com/test_cases'"}],"links":[],"hidden":false,"retry":false,"extra":{"severity":"trivial","retries":[],"categories":[{"name":"Product defects","matchedStatuses":[],"flaky":false}],"history":{"statistic":{"failed":3,"broken":0,"skipped":0,"passed":1,"unknown":0,"total":4},"items":[{"uid":"30082b6cd5c56ece","reportUrl":"https://bogdanshcherban8.github.io/ui_automationexercise/4/#testresult/30082b6cd5c56ece","status":"failed","statusDetails":"AssertionError: Locator expected to be visible\nActual value: <element(s) not found> \nCall log:\n  - Expect \"to_be_visible\" with timeout 5000ms\n  - waiting for locator(\"//li[normalize-space()=\\\"You can explore more test cases in the website and if you find new test scenario that is not covered in above list, do let us know. We will definitely add that in above list.\\\"]\")","time":{"start":1755964434381,"stop":1755964443255,"duration":8874}},{"uid":"99ddef6e214aad0a","reportUrl":"https://bogdanshcherban8.github.io/ui_automationexercise/3/#testresult/99ddef6e214aad0a","status":"failed","statusDetails":"AssertionError: Locator expected to be visible\nActual value: <element(s) not found> \nCall log:\n  - Expect \"to_be_visible\" with timeout 5000ms\n  - waiting for locator(\"//li[normalize-space()=\\\"You can explore more test cases in the website and if you find new test scenario that is not covered in above list, do let us know. We will definitely add that in above list.\\\"]\")","time":{"start":1755244673605,"stop":1755244681985,"duration":8380}},{"uid":"7638a6e9912797b8","reportUrl":"https://bogdanshcherban8.github.io/ui_automationexercise/2/#testresult/7638a6e9912797b8","status":"passed","time":{"start":1755242152035,"stop":1755242155563,"duration":3528}}]},"tags":["api_cases","no_path","smoke"]},"source":"46f27f47505460d5.json","parameterValues":["'firefox'","'Test Case 1: Register User'","'Below is the list of test Cases for you to practice the Automation. Click on the scenario for detailed Test Steps:'","'1. Launch browser'","'Test Cases'","'https://www.automationexercise.com/test_cases'"]}